Analysis & Synthesis report for Relogio
Fri Sep 21 17:33:02 2018
Quartus Prime Version 17.0.0 Build 595 04/25/2017 SJ Lite Edition


---------------------
; Table of Contents ;
---------------------
  1. Legal Notice
  2. Analysis & Synthesis Summary
  3. Analysis & Synthesis Settings
  4. Parallel Compilation
  5. Analysis & Synthesis Source Files Read
  6. Analysis & Synthesis Resource Usage Summary
  7. Analysis & Synthesis Resource Utilization by Entity
  8. State Machine - |Relogio|SM:maqEstados|fstate
  9. Registers Removed During Synthesis
 10. Removed Registers Triggering Further Register Optimizations
 11. General Register Statistics
 12. Inverted Register Statistics
 13. Multiplexer Restructuring Statistics (Restructuring Performed)
 14. Parameter Settings for User Entity Instance: fluxoDados:FD|registradorGenerico:registradorA
 15. Parameter Settings for User Entity Instance: fluxoDados:FD|registradorGenerico:registradorB
 16. Parameter Settings for User Entity Instance: fluxoDados:FD|registradorGenerico:registradorC
 17. Parameter Settings for User Entity Instance: fluxoDados:FD|registradorGenerico:registradorD
 18. Parameter Settings for User Entity Instance: fluxoDados:FD|registradorGenerico:registradorE
 19. Parameter Settings for User Entity Instance: fluxoDados:FD|registradorGenerico:registradorF
 20. Port Connectivity Checks: "fluxoDados:FD|conversorHex7Seg:display5"
 21. Port Connectivity Checks: "fluxoDados:FD|conversorHex7Seg:display4"
 22. Port Connectivity Checks: "fluxoDados:FD|conversorHex7Seg:display3"
 23. Port Connectivity Checks: "fluxoDados:FD|conversorHex7Seg:display2"
 24. Port Connectivity Checks: "fluxoDados:FD|conversorHex7Seg:display1"
 25. Port Connectivity Checks: "fluxoDados:FD|conversorHex7Seg:display0"
 26. Port Connectivity Checks: "fluxoDados:FD"
 27. Post-Synthesis Netlist Statistics for Top Partition
 28. Elapsed Time Per Partition
 29. Analysis & Synthesis Messages



----------------
; Legal Notice ;
----------------
Copyright (C) 2017  Intel Corporation. All rights reserved.
Your use of Intel Corporation's design tools, logic functions 
and other software and tools, and its AMPP partner logic 
functions, and any output files from any of the foregoing 
(including device programming or simulation files), and any 
associated documentation or information are expressly subject 
to the terms and conditions of the Intel Program License 
Subscription Agreement, the Intel Quartus Prime License Agreement,
the Intel MegaCore Function License Agreement, or other 
applicable license agreement, including, without limitation, 
that your use is for the sole purpose of programming logic 
devices manufactured by Intel and sold by Intel or its 
authorized distributors.  Please refer to the applicable 
agreement for further details.



+----------------------------------------------------------------------------------+
; Analysis & Synthesis Summary                                                     ;
+------------------------------------+---------------------------------------------+
; Analysis & Synthesis Status        ; Successful - Fri Sep 21 17:33:02 2018       ;
; Quartus Prime Version              ; 17.0.0 Build 595 04/25/2017 SJ Lite Edition ;
; Revision Name                      ; Relogio                                     ;
; Top-level Entity Name              ; Relogio                                     ;
; Family                             ; Cyclone IV E                                ;
; Total logic elements               ; 217                                         ;
;     Total combinational functions  ; 192                                         ;
;     Dedicated logic registers      ; 86                                          ;
; Total registers                    ; 86                                          ;
; Total pins                         ; 106                                         ;
; Total virtual pins                 ; 0                                           ;
; Total memory bits                  ; 0                                           ;
; Embedded Multiplier 9-bit elements ; 0                                           ;
; Total PLLs                         ; 0                                           ;
+------------------------------------+---------------------------------------------+


+----------------------------------------------------------------------------------------------------------------------+
; Analysis & Synthesis Settings                                                                                        ;
+----------------------------------------------------------------------------+--------------------+--------------------+
; Option                                                                     ; Setting            ; Default Value      ;
+----------------------------------------------------------------------------+--------------------+--------------------+
; Device                                                                     ; EP4CE115F29C7      ;                    ;
; Top-level entity name                                                      ; Relogio            ; Relogio            ;
; Family name                                                                ; Cyclone IV E       ; Cyclone V          ;
; Use smart compilation                                                      ; Off                ; Off                ;
; Enable parallel Assembler and TimeQuest Timing Analyzer during compilation ; On                 ; On                 ;
; Enable compact report table                                                ; Off                ; Off                ;
; Restructure Multiplexers                                                   ; Auto               ; Auto               ;
; Create Debugging Nodes for IP Cores                                        ; Off                ; Off                ;
; Preserve fewer node names                                                  ; On                 ; On                 ;
; OpenCore Plus hardware evaluation                                          ; Enable             ; Enable             ;
; Verilog Version                                                            ; Verilog_2001       ; Verilog_2001       ;
; VHDL Version                                                               ; VHDL_1993          ; VHDL_1993          ;
; State Machine Processing                                                   ; Auto               ; Auto               ;
; Safe State Machine                                                         ; Off                ; Off                ;
; Extract Verilog State Machines                                             ; On                 ; On                 ;
; Extract VHDL State Machines                                                ; On                 ; On                 ;
; Ignore Verilog initial constructs                                          ; Off                ; Off                ;
; Iteration limit for constant Verilog loops                                 ; 5000               ; 5000               ;
; Iteration limit for non-constant Verilog loops                             ; 250                ; 250                ;
; Add Pass-Through Logic to Inferred RAMs                                    ; On                 ; On                 ;
; Infer RAMs from Raw Logic                                                  ; On                 ; On                 ;
; Parallel Synthesis                                                         ; On                 ; On                 ;
; DSP Block Balancing                                                        ; Auto               ; Auto               ;
; NOT Gate Push-Back                                                         ; On                 ; On                 ;
; Power-Up Don't Care                                                        ; On                 ; On                 ;
; Remove Redundant Logic Cells                                               ; Off                ; Off                ;
; Remove Duplicate Registers                                                 ; On                 ; On                 ;
; Ignore CARRY Buffers                                                       ; Off                ; Off                ;
; Ignore CASCADE Buffers                                                     ; Off                ; Off                ;
; Ignore GLOBAL Buffers                                                      ; Off                ; Off                ;
; Ignore ROW GLOBAL Buffers                                                  ; Off                ; Off                ;
; Ignore LCELL Buffers                                                       ; Off                ; Off                ;
; Ignore SOFT Buffers                                                        ; On                 ; On                 ;
; Limit AHDL Integers to 32 Bits                                             ; Off                ; Off                ;
; Optimization Technique                                                     ; Balanced           ; Balanced           ;
; Carry Chain Length                                                         ; 70                 ; 70                 ;
; Auto Carry Chains                                                          ; On                 ; On                 ;
; Auto Open-Drain Pins                                                       ; On                 ; On                 ;
; Perform WYSIWYG Primitive Resynthesis                                      ; Off                ; Off                ;
; Auto ROM Replacement                                                       ; On                 ; On                 ;
; Auto RAM Replacement                                                       ; On                 ; On                 ;
; Auto DSP Block Replacement                                                 ; On                 ; On                 ;
; Auto Shift Register Replacement                                            ; Auto               ; Auto               ;
; Allow Shift Register Merging across Hierarchies                            ; Auto               ; Auto               ;
; Auto Clock Enable Replacement                                              ; On                 ; On                 ;
; Strict RAM Replacement                                                     ; Off                ; Off                ;
; Allow Synchronous Control Signals                                          ; On                 ; On                 ;
; Force Use of Synchronous Clear Signals                                     ; Off                ; Off                ;
; Auto RAM Block Balancing                                                   ; On                 ; On                 ;
; Auto RAM to Logic Cell Conversion                                          ; Off                ; Off                ;
; Auto Resource Sharing                                                      ; Off                ; Off                ;
; Allow Any RAM Size For Recognition                                         ; Off                ; Off                ;
; Allow Any ROM Size For Recognition                                         ; Off                ; Off                ;
; Allow Any Shift Register Size For Recognition                              ; Off                ; Off                ;
; Use LogicLock Constraints during Resource Balancing                        ; On                 ; On                 ;
; Ignore translate_off and synthesis_off directives                          ; Off                ; Off                ;
; Timing-Driven Synthesis                                                    ; On                 ; On                 ;
; Report Parameter Settings                                                  ; On                 ; On                 ;
; Report Source Assignments                                                  ; On                 ; On                 ;
; Report Connectivity Checks                                                 ; On                 ; On                 ;
; Ignore Maximum Fan-Out Assignments                                         ; Off                ; Off                ;
; Synchronization Register Chain Length                                      ; 2                  ; 2                  ;
; PowerPlay Power Optimization During Synthesis                              ; Normal compilation ; Normal compilation ;
; HDL message level                                                          ; Level2             ; Level2             ;
; Suppress Register Optimization Related Messages                            ; Off                ; Off                ;
; Number of Removed Registers Reported in Synthesis Report                   ; 5000               ; 5000               ;
; Number of Swept Nodes Reported in Synthesis Report                         ; 5000               ; 5000               ;
; Number of Inverted Registers Reported in Synthesis Report                  ; 100                ; 100                ;
; Clock MUX Protection                                                       ; On                 ; On                 ;
; Auto Gated Clock Conversion                                                ; Off                ; Off                ;
; Block Design Naming                                                        ; Auto               ; Auto               ;
; SDC constraint protection                                                  ; Off                ; Off                ;
; Synthesis Effort                                                           ; Auto               ; Auto               ;
; Shift Register Replacement - Allow Asynchronous Clear Signal               ; On                 ; On                 ;
; Pre-Mapping Resynthesis Optimization                                       ; Off                ; Off                ;
; Analysis & Synthesis Message Level                                         ; Medium             ; Medium             ;
; Disable Register Merging Across Hierarchies                                ; Auto               ; Auto               ;
; Resource Aware Inference For Block RAM                                     ; On                 ; On                 ;
+----------------------------------------------------------------------------+--------------------+--------------------+


+------------------------------------------+
; Parallel Compilation                     ;
+----------------------------+-------------+
; Processors                 ; Number      ;
+----------------------------+-------------+
; Number detected on machine ; 4           ;
; Maximum allowed            ; 2           ;
;                            ;             ;
; Average used               ; 1.00        ;
; Maximum used               ; 2           ;
;                            ;             ;
; Usage by Processor         ; % Time Used ;
;     Processor 1            ; 100.0%      ;
;     Processor 2            ;   0.0%      ;
+----------------------------+-------------+


+--------------------------------------------------------------------------------------------------------------------------------------------------------+
; Analysis & Synthesis Source Files Read                                                                                                                 ;
+----------------------------------+-----------------+-----------------+-----------------------------------------------------------------------+---------+
; File Name with User-Entered Path ; Used in Netlist ; File Type       ; File Name with Absolute Path                                          ; Library ;
+----------------------------------+-----------------+-----------------+-----------------------------------------------------------------------+---------+
; fluxoDados.vhd                   ; yes             ; User VHDL File  ; C:/intelFPGA_lite/17.0/Projects/relogio_final/fluxoDados.vhd          ;         ;
; ULA.vhd                          ; yes             ; User VHDL File  ; C:/intelFPGA_lite/17.0/Projects/relogio_final/ULA.vhd                 ;         ;
; conversorHex7Seg.vhd             ; yes             ; User VHDL File  ; C:/intelFPGA_lite/17.0/Projects/relogio_final/conversorHex7Seg.vhd    ;         ;
; registradorGenerico.vhd          ; yes             ; User VHDL File  ; C:/intelFPGA_lite/17.0/Projects/relogio_final/registradorGenerico.vhd ;         ;
; mux_relogio.vhd                  ; yes             ; User VHDL File  ; C:/intelFPGA_lite/17.0/Projects/relogio_final/mux_relogio.vhd         ;         ;
; Relogio.vhd                      ; yes             ; User VHDL File  ; C:/intelFPGA_lite/17.0/Projects/relogio_final/Relogio.vhd             ;         ;
; SM.vhd                           ; yes             ; User VHDL File  ; C:/intelFPGA_lite/17.0/Projects/relogio_final/SM.vhd                  ;         ;
; edgeDetector.vhd                 ; yes             ; User VHDL File  ; C:/intelFPGA_lite/17.0/Projects/relogio_final/edgeDetector.vhd        ;         ;
+----------------------------------+-----------------+-----------------+-----------------------------------------------------------------------+---------+


+--------------------------------------------------------------+
; Analysis & Synthesis Resource Usage Summary                  ;
+---------------------------------------------+----------------+
; Resource                                    ; Usage          ;
+---------------------------------------------+----------------+
; Estimated Total logic elements              ; 217            ;
;                                             ;                ;
; Total combinational functions               ; 192            ;
; Logic element usage by number of LUT inputs ;                ;
;     -- 4 input functions                    ; 92             ;
;     -- 3 input functions                    ; 55             ;
;     -- <=2 input functions                  ; 45             ;
;                                             ;                ;
; Logic elements by mode                      ;                ;
;     -- normal mode                          ; 158            ;
;     -- arithmetic mode                      ; 34             ;
;                                             ;                ;
; Total registers                             ; 86             ;
;     -- Dedicated logic registers            ; 86             ;
;     -- I/O registers                        ; 0              ;
;                                             ;                ;
; I/O pins                                    ; 106            ;
;                                             ;                ;
; Embedded Multiplier 9-bit elements          ; 0              ;
;                                             ;                ;
; Maximum fan-out node                        ; CLOCK_50~input ;
; Maximum fan-out                             ; 64             ;
; Total fan-out                               ; 988            ;
; Average fan-out                             ; 2.02           ;
+---------------------------------------------+----------------+


+--------------------------------------------------------------------------------------------------------------------------------------------------------------------------------------------------------------------------------------------------------------------+
; Analysis & Synthesis Resource Utilization by Entity                                                                                                                                                                                                                ;
+------------------------------------------+---------------------+---------------------------+-------------+--------------+---------+-----------+------+--------------+---------------------------------------------------------+---------------------+--------------+
; Compilation Hierarchy Node               ; Combinational ALUTs ; Dedicated Logic Registers ; Memory Bits ; DSP Elements ; DSP 9x9 ; DSP 18x18 ; Pins ; Virtual Pins ; Full Hierarchy Name                                     ; Entity Name         ; Library Name ;
+------------------------------------------+---------------------+---------------------------+-------------+--------------+---------+-----------+------+--------------+---------------------------------------------------------+---------------------+--------------+
; |Relogio                                 ; 192 (109)           ; 86 (56)                   ; 0           ; 0            ; 0       ; 0         ; 106  ; 0            ; |Relogio                                                ; Relogio             ; work         ;
;    |SM:maqEstados|                       ; 4 (4)               ; 2 (2)                     ; 0           ; 0            ; 0       ; 0         ; 0    ; 0            ; |Relogio|SM:maqEstados                                  ; SM                  ; work         ;
;    |edgeDetector:detectorSub0|           ; 1 (1)               ; 1 (1)                     ; 0           ; 0            ; 0       ; 0         ; 0    ; 0            ; |Relogio|edgeDetector:detectorSub0                      ; edgeDetector        ; work         ;
;    |edgeDetector:detectorSub1|           ; 2 (2)               ; 1 (1)                     ; 0           ; 0            ; 0       ; 0         ; 0    ; 0            ; |Relogio|edgeDetector:detectorSub1                      ; edgeDetector        ; work         ;
;    |edgeDetector:detectorSub2|           ; 2 (2)               ; 1 (1)                     ; 0           ; 0            ; 0       ; 0         ; 0    ; 0            ; |Relogio|edgeDetector:detectorSub2                      ; edgeDetector        ; work         ;
;    |edgeDetector:detectorSub3|           ; 2 (2)               ; 1 (1)                     ; 0           ; 0            ; 0       ; 0         ; 0    ; 0            ; |Relogio|edgeDetector:detectorSub3                      ; edgeDetector        ; work         ;
;    |fluxoDados:FD|                       ; 72 (0)              ; 24 (0)                    ; 0           ; 0            ; 0       ; 0         ; 0    ; 0            ; |Relogio|fluxoDados:FD                                  ; fluxoDados          ; work         ;
;       |ULA:ULA|                          ; 8 (8)               ; 0 (0)                     ; 0           ; 0            ; 0       ; 0         ; 0    ; 0            ; |Relogio|fluxoDados:FD|ULA:ULA                          ; ULA                 ; work         ;
;       |conversorHex7Seg:display0|        ; 8 (8)               ; 0 (0)                     ; 0           ; 0            ; 0       ; 0         ; 0    ; 0            ; |Relogio|fluxoDados:FD|conversorHex7Seg:display0        ; conversorHex7Seg    ; work         ;
;       |conversorHex7Seg:display1|        ; 8 (8)               ; 0 (0)                     ; 0           ; 0            ; 0       ; 0         ; 0    ; 0            ; |Relogio|fluxoDados:FD|conversorHex7Seg:display1        ; conversorHex7Seg    ; work         ;
;       |conversorHex7Seg:display2|        ; 8 (8)               ; 0 (0)                     ; 0           ; 0            ; 0       ; 0         ; 0    ; 0            ; |Relogio|fluxoDados:FD|conversorHex7Seg:display2        ; conversorHex7Seg    ; work         ;
;       |conversorHex7Seg:display3|        ; 8 (8)               ; 0 (0)                     ; 0           ; 0            ; 0       ; 0         ; 0    ; 0            ; |Relogio|fluxoDados:FD|conversorHex7Seg:display3        ; conversorHex7Seg    ; work         ;
;       |conversorHex7Seg:display4|        ; 8 (8)               ; 0 (0)                     ; 0           ; 0            ; 0       ; 0         ; 0    ; 0            ; |Relogio|fluxoDados:FD|conversorHex7Seg:display4        ; conversorHex7Seg    ; work         ;
;       |conversorHex7Seg:display5|        ; 8 (8)               ; 0 (0)                     ; 0           ; 0            ; 0       ; 0         ; 0    ; 0            ; |Relogio|fluxoDados:FD|conversorHex7Seg:display5        ; conversorHex7Seg    ; work         ;
;       |mux_relogio:MuxRelogio|           ; 16 (16)             ; 0 (0)                     ; 0           ; 0            ; 0       ; 0         ; 0    ; 0            ; |Relogio|fluxoDados:FD|mux_relogio:MuxRelogio           ; mux_relogio         ; work         ;
;       |registradorGenerico:registradorA| ; 0 (0)               ; 4 (4)                     ; 0           ; 0            ; 0       ; 0         ; 0    ; 0            ; |Relogio|fluxoDados:FD|registradorGenerico:registradorA ; registradorGenerico ; work         ;
;       |registradorGenerico:registradorB| ; 0 (0)               ; 4 (4)                     ; 0           ; 0            ; 0       ; 0         ; 0    ; 0            ; |Relogio|fluxoDados:FD|registradorGenerico:registradorB ; registradorGenerico ; work         ;
;       |registradorGenerico:registradorC| ; 0 (0)               ; 4 (4)                     ; 0           ; 0            ; 0       ; 0         ; 0    ; 0            ; |Relogio|fluxoDados:FD|registradorGenerico:registradorC ; registradorGenerico ; work         ;
;       |registradorGenerico:registradorD| ; 0 (0)               ; 4 (4)                     ; 0           ; 0            ; 0       ; 0         ; 0    ; 0            ; |Relogio|fluxoDados:FD|registradorGenerico:registradorD ; registradorGenerico ; work         ;
;       |registradorGenerico:registradorE| ; 0 (0)               ; 4 (4)                     ; 0           ; 0            ; 0       ; 0         ; 0    ; 0            ; |Relogio|fluxoDados:FD|registradorGenerico:registradorE ; registradorGenerico ; work         ;
;       |registradorGenerico:registradorF| ; 0 (0)               ; 4 (4)                     ; 0           ; 0            ; 0       ; 0         ; 0    ; 0            ; |Relogio|fluxoDados:FD|registradorGenerico:registradorF ; registradorGenerico ; work         ;
+------------------------------------------+---------------------+---------------------------+-------------+--------------+---------+-----------+------+--------------+---------------------------------------------------------+---------------------+--------------+
Note: For table entries with two numbers listed, the numbers in parentheses indicate the number of resources of the given type used by the specific entity alone. The numbers listed outside of parentheses indicate the total resources of the given type used by the specific entity and all of its sub-entities in the hierarchy.


Encoding Type:  One-Hot
+---------------------------------------------------------------+
; State Machine - |Relogio|SM:maqEstados|fstate                 ;
+---------------+---------------+---------------+---------------+
; Name          ; fstate.state2 ; fstate.state1 ; fstate.state0 ;
+---------------+---------------+---------------+---------------+
; fstate.state0 ; 0             ; 0             ; 0             ;
; fstate.state1 ; 0             ; 1             ; 1             ;
; fstate.state2 ; 1             ; 0             ; 1             ;
+---------------+---------------+---------------+---------------+


+---------------------------------------------------------------------------------+
; Registers Removed During Synthesis                                              ;
+----------------------------------------+----------------------------------------+
; Register name                          ; Reason for Removal                     ;
+----------------------------------------+----------------------------------------+
; auxFuncaoULA[1,2]                      ; Stuck at GND due to stuck port data_in ;
; auxeA                                  ; Stuck at VCC due to stuck port data_in ;
; compare_clk[23,25..31]                 ; Stuck at GND due to stuck port data_in ;
; compare_clk[11..14,16]                 ; Stuck at VCC due to stuck port data_in ;
; compare_clk[7,9,10]                    ; Stuck at GND due to stuck port data_in ;
; compare_clk[6]                         ; Stuck at VCC due to stuck port data_in ;
; compare_clk[0..5]                      ; Stuck at GND due to stuck port data_in ;
; auxUlaB[2,3]                           ; Merged with auxUlaB[1]                 ;
; compare_clk[19..22,24]                 ; Merged with compare_clk[18]            ;
; compare_clk[8,17]                      ; Merged with compare_clk[15]            ;
; auxUlaB[1]                             ; Stuck at GND due to stuck port data_in ;
; SM:maqEstados|fstate.state0            ; Lost fanout                            ;
; Total Number of Removed Registers = 37 ;                                        ;
+----------------------------------------+----------------------------------------+


+--------------------------------------------------------------------------------------+
; Removed Registers Triggering Further Register Optimizations                          ;
+-----------------+---------------------------+----------------------------------------+
; Register name   ; Reason for Removal        ; Registers Removed due to This Register ;
+-----------------+---------------------------+----------------------------------------+
; compare_clk[31] ; Stuck at GND              ; auxUlaB[1]                             ;
;                 ; due to stuck port data_in ;                                        ;
+-----------------+---------------------------+----------------------------------------+


+------------------------------------------------------+
; General Register Statistics                          ;
+----------------------------------------------+-------+
; Statistic                                    ; Value ;
+----------------------------------------------+-------+
; Total registers                              ; 86    ;
; Number of registers using Synchronous Clear  ; 0     ;
; Number of registers using Synchronous Load   ; 0     ;
; Number of registers using Asynchronous Clear ; 24    ;
; Number of registers using Asynchronous Load  ; 0     ;
; Number of registers using Clock Enable       ; 20    ;
; Number of registers using Preset             ; 0     ;
+----------------------------------------------+-------+


+--------------------------------------------------+
; Inverted Register Statistics                     ;
+----------------------------------------+---------+
; Inverted Register                      ; Fan out ;
+----------------------------------------+---------+
; auxeB                                  ; 4       ;
; auxeC                                  ; 4       ;
; auxeD                                  ; 4       ;
; auxeE                                  ; 4       ;
; auxeF                                  ; 4       ;
; compare_clk[18]                        ; 1       ;
; count[0]                               ; 2       ;
; Total number of inverted registers = 7 ;         ;
+----------------------------------------+---------+


+------------------------------------------------------------------------------------------------------------------------------------------------------------------+
; Multiplexer Restructuring Statistics (Restructuring Performed)                                                                                                   ;
+--------------------+-----------+---------------+----------------------+------------------------+------------+----------------------------------------------------+
; Multiplexer Inputs ; Bus Width ; Baseline Area ; Area if Restructured ; Saving if Restructured ; Registered ; Example Multiplexer Output                         ;
+--------------------+-----------+---------------+----------------------+------------------------+------------+----------------------------------------------------+
; 8:1                ; 4 bits    ; 20 LEs        ; 16 LEs               ; 4 LEs                  ; No         ; |Relogio|fluxoDados:FD|mux_relogio:MuxRelogio|Mux2 ;
+--------------------+-----------+---------------+----------------------+------------------------+------------+----------------------------------------------------+


+---------------------------------------------------------------------------------------------+
; Parameter Settings for User Entity Instance: fluxoDados:FD|registradorGenerico:registradorA ;
+----------------+-------+--------------------------------------------------------------------+
; Parameter Name ; Value ; Type                                                               ;
+----------------+-------+--------------------------------------------------------------------+
; larguradados   ; 3     ; Signed Integer                                                     ;
+----------------+-------+--------------------------------------------------------------------+
Note: In order to hide this table in the UI and the text report file, please set the "Show Parameter Settings in Synthesis Report" option in "Analysis and Synthesis Settings -> More Settings" to "Off".


+---------------------------------------------------------------------------------------------+
; Parameter Settings for User Entity Instance: fluxoDados:FD|registradorGenerico:registradorB ;
+----------------+-------+--------------------------------------------------------------------+
; Parameter Name ; Value ; Type                                                               ;
+----------------+-------+--------------------------------------------------------------------+
; larguradados   ; 3     ; Signed Integer                                                     ;
+----------------+-------+--------------------------------------------------------------------+
Note: In order to hide this table in the UI and the text report file, please set the "Show Parameter Settings in Synthesis Report" option in "Analysis and Synthesis Settings -> More Settings" to "Off".


+---------------------------------------------------------------------------------------------+
; Parameter Settings for User Entity Instance: fluxoDados:FD|registradorGenerico:registradorC ;
+----------------+-------+--------------------------------------------------------------------+
; Parameter Name ; Value ; Type                                                               ;
+----------------+-------+--------------------------------------------------------------------+
; larguradados   ; 3     ; Signed Integer                                                     ;
+----------------+-------+--------------------------------------------------------------------+
Note: In order to hide this table in the UI and the text report file, please set the "Show Parameter Settings in Synthesis Report" option in "Analysis and Synthesis Settings -> More Settings" to "Off".


+---------------------------------------------------------------------------------------------+
; Parameter Settings for User Entity Instance: fluxoDados:FD|registradorGenerico:registradorD ;
+----------------+-------+--------------------------------------------------------------------+
; Parameter Name ; Value ; Type                                                               ;
+----------------+-------+--------------------------------------------------------------------+
; larguradados   ; 3     ; Signed Integer                                                     ;
+----------------+-------+--------------------------------------------------------------------+
Note: In order to hide this table in the UI and the text report file, please set the "Show Parameter Settings in Synthesis Report" option in "Analysis and Synthesis Settings -> More Settings" to "Off".


+---------------------------------------------------------------------------------------------+
; Parameter Settings for User Entity Instance: fluxoDados:FD|registradorGenerico:registradorE ;
+----------------+-------+--------------------------------------------------------------------+
; Parameter Name ; Value ; Type                                                               ;
+----------------+-------+--------------------------------------------------------------------+
; larguradados   ; 3     ; Signed Integer                                                     ;
+----------------+-------+--------------------------------------------------------------------+
Note: In order to hide this table in the UI and the text report file, please set the "Show Parameter Settings in Synthesis Report" option in "Analysis and Synthesis Settings -> More Settings" to "Off".


+---------------------------------------------------------------------------------------------+
; Parameter Settings for User Entity Instance: fluxoDados:FD|registradorGenerico:registradorF ;
+----------------+-------+--------------------------------------------------------------------+
; Parameter Name ; Value ; Type                                                               ;
+----------------+-------+--------------------------------------------------------------------+
; larguradados   ; 3     ; Signed Integer                                                     ;
+----------------+-------+--------------------------------------------------------------------+
Note: In order to hide this table in the UI and the text report file, please set the "Show Parameter Settings in Synthesis Report" option in "Analysis and Synthesis Settings -> More Settings" to "Off".


+---------------------------------------------------------------------+
; Port Connectivity Checks: "fluxoDados:FD|conversorHex7Seg:display5" ;
+----------+-------+----------+---------------------------------------+
; Port     ; Type  ; Severity ; Details                               ;
+----------+-------+----------+---------------------------------------+
; apaga    ; Input ; Info     ; Stuck at GND                          ;
; negativo ; Input ; Info     ; Stuck at GND                          ;
; overflow ; Input ; Info     ; Stuck at GND                          ;
+----------+-------+----------+---------------------------------------+


+---------------------------------------------------------------------+
; Port Connectivity Checks: "fluxoDados:FD|conversorHex7Seg:display4" ;
+----------+-------+----------+---------------------------------------+
; Port     ; Type  ; Severity ; Details                               ;
+----------+-------+----------+---------------------------------------+
; apaga    ; Input ; Info     ; Stuck at GND                          ;
; negativo ; Input ; Info     ; Stuck at GND                          ;
; overflow ; Input ; Info     ; Stuck at GND                          ;
+----------+-------+----------+---------------------------------------+


+---------------------------------------------------------------------+
; Port Connectivity Checks: "fluxoDados:FD|conversorHex7Seg:display3" ;
+----------+-------+----------+---------------------------------------+
; Port     ; Type  ; Severity ; Details                               ;
+----------+-------+----------+---------------------------------------+
; apaga    ; Input ; Info     ; Stuck at GND                          ;
; negativo ; Input ; Info     ; Stuck at GND                          ;
; overflow ; Input ; Info     ; Stuck at GND                          ;
+----------+-------+----------+---------------------------------------+


+---------------------------------------------------------------------+
; Port Connectivity Checks: "fluxoDados:FD|conversorHex7Seg:display2" ;
+----------+-------+----------+---------------------------------------+
; Port     ; Type  ; Severity ; Details                               ;
+----------+-------+----------+---------------------------------------+
; apaga    ; Input ; Info     ; Stuck at GND                          ;
; negativo ; Input ; Info     ; Stuck at GND                          ;
; overflow ; Input ; Info     ; Stuck at GND                          ;
+----------+-------+----------+---------------------------------------+


+---------------------------------------------------------------------+
; Port Connectivity Checks: "fluxoDados:FD|conversorHex7Seg:display1" ;
+----------+-------+----------+---------------------------------------+
; Port     ; Type  ; Severity ; Details                               ;
+----------+-------+----------+---------------------------------------+
; apaga    ; Input ; Info     ; Stuck at GND                          ;
; negativo ; Input ; Info     ; Stuck at GND                          ;
; overflow ; Input ; Info     ; Stuck at GND                          ;
+----------+-------+----------+---------------------------------------+


+---------------------------------------------------------------------+
; Port Connectivity Checks: "fluxoDados:FD|conversorHex7Seg:display0" ;
+----------+-------+----------+---------------------------------------+
; Port     ; Type  ; Severity ; Details                               ;
+----------+-------+----------+---------------------------------------+
; apaga    ; Input ; Info     ; Stuck at GND                          ;
; negativo ; Input ; Info     ; Stuck at GND                          ;
; overflow ; Input ; Info     ; Stuck at GND                          ;
+----------+-------+----------+---------------------------------------+


+---------------------------------------------------------------------------------------------------------------------+
; Port Connectivity Checks: "fluxoDados:FD"                                                                           ;
+-----------+--------+----------+-------------------------------------------------------------------------------------+
; Port      ; Type   ; Severity ; Details                                                                             ;
+-----------+--------+----------+-------------------------------------------------------------------------------------+
; resultado ; Output ; Info     ; Connected to dangling logic. Logic that only feeds a dangling port will be removed. ;
; saidamux  ; Output ; Info     ; Connected to dangling logic. Logic that only feeds a dangling port will be removed. ;
+-----------+--------+----------+-------------------------------------------------------------------------------------+


+-----------------------------------------------------+
; Post-Synthesis Netlist Statistics for Top Partition ;
+-----------------------+-----------------------------+
; Type                  ; Count                       ;
+-----------------------+-----------------------------+
; boundary_port         ; 106                         ;
; cycloneiii_ff         ; 86                          ;
;     CLR               ; 4                           ;
;     ENA CLR           ; 20                          ;
;     plain             ; 62                          ;
; cycloneiii_lcell_comb ; 198                         ;
;     arith             ; 34                          ;
;         2 data inputs ; 33                          ;
;         3 data inputs ; 1                           ;
;     normal            ; 164                         ;
;         0 data inputs ; 2                           ;
;         1 data inputs ; 10                          ;
;         2 data inputs ; 6                           ;
;         3 data inputs ; 54                          ;
;         4 data inputs ; 92                          ;
;                       ;                             ;
; Max LUT depth         ; 7.00                        ;
; Average LUT depth     ; 3.72                        ;
+-----------------------+-----------------------------+


+-------------------------------+
; Elapsed Time Per Partition    ;
+----------------+--------------+
; Partition Name ; Elapsed Time ;
+----------------+--------------+
; Top            ; 00:00:01     ;
+----------------+--------------+


+-------------------------------+
; Analysis & Synthesis Messages ;
+-------------------------------+
Info: *******************************************************************
Info: Running Quartus Prime Analysis & Synthesis
    Info: Version 17.0.0 Build 595 04/25/2017 SJ Lite Edition
    Info: Processing started: Fri Sep 21 17:32:41 2018
Info: Command: quartus_map --read_settings_files=on --write_settings_files=off Relogio -c Relogio
Warning (18236): Number of processors has not been specified which may cause overloading on shared machines.  Set the global assignment NUM_PARALLEL_PROCESSORS in your QSF to an appropriate value for best performance.
Info (20030): Parallel compilation is enabled and will use 2 of the 2 processors detected
Info (12021): Found 2 design units, including 1 entities, in source file fluxodados.vhd
    Info (12022): Found design unit 1: fluxoDados-simples File: C:/intelFPGA_lite/17.0/Projects/relogio_final/fluxoDados.vhd Line: 32
    Info (12023): Found entity 1: fluxoDados File: C:/intelFPGA_lite/17.0/Projects/relogio_final/fluxoDados.vhd Line: 6
Info (12021): Found 2 design units, including 1 entities, in source file ula.vhd
    Info (12022): Found design unit 1: ULA-comportamento File: C:/intelFPGA_lite/17.0/Projects/relogio_final/ULA.vhd Line: 13
    Info (12023): Found entity 1: ULA File: C:/intelFPGA_lite/17.0/Projects/relogio_final/ULA.vhd Line: 5
Info (12021): Found 2 design units, including 1 entities, in source file conversorhex7seg.vhd
    Info (12022): Found design unit 1: conversorHex7Seg-comportamento File: C:/intelFPGA_lite/17.0/Projects/relogio_final/conversorHex7Seg.vhd Line: 17
    Info (12023): Found entity 1: conversorHex7Seg File: C:/intelFPGA_lite/17.0/Projects/relogio_final/conversorHex7Seg.vhd Line: 4
Info (12021): Found 2 design units, including 1 entities, in source file registradorgenerico.vhd
    Info (12022): Found design unit 1: registradorGenerico-comportamento File: C:/intelFPGA_lite/17.0/Projects/relogio_final/registradorGenerico.vhd Line: 14
    Info (12023): Found entity 1: registradorGenerico File: C:/intelFPGA_lite/17.0/Projects/relogio_final/registradorGenerico.vhd Line: 4
Info (12021): Found 3 design units, including 1 entities, in source file divisorgenerico.vhd
    Info (12022): Found design unit 1: divisorGenerico-divisaoPor2 File: C:/intelFPGA_lite/17.0/Projects/relogio_final/divisorGenerico.vhd Line: 14
    Info (12022): Found design unit 2: divisorGenerico-divisaoGenerica File: C:/intelFPGA_lite/17.0/Projects/relogio_final/divisorGenerico.vhd Line: 27
    Info (12023): Found entity 1: divisorGenerico File: C:/intelFPGA_lite/17.0/Projects/relogio_final/divisorGenerico.vhd Line: 5
Info (12021): Found 2 design units, including 1 entities, in source file mux_relogio.vhd
    Info (12022): Found design unit 1: mux_relogio-Behavioral File: C:/intelFPGA_lite/17.0/Projects/relogio_final/mux_relogio.vhd Line: 17
    Info (12023): Found entity 1: mux_relogio File: C:/intelFPGA_lite/17.0/Projects/relogio_final/mux_relogio.vhd Line: 4
Info (12021): Found 2 design units, including 1 entities, in source file relogio.vhd
    Info (12022): Found design unit 1: Relogio-comportamento File: C:/intelFPGA_lite/17.0/Projects/relogio_final/Relogio.vhd Line: 25
    Info (12023): Found entity 1: Relogio File: C:/intelFPGA_lite/17.0/Projects/relogio_final/Relogio.vhd Line: 8
Info (12021): Found 2 design units, including 1 entities, in source file sm.vhd
    Info (12022): Found design unit 1: SM-BEHAVIOR File: C:/intelFPGA_lite/17.0/Projects/relogio_final/SM.vhd Line: 33
    Info (12023): Found entity 1: SM File: C:/intelFPGA_lite/17.0/Projects/relogio_final/SM.vhd Line: 22
Info (12021): Found 3 design units, including 1 entities, in source file edgedetector.vhd
    Info (12022): Found design unit 1: edgeDetector-bordaSubida File: C:/intelFPGA_lite/17.0/Projects/relogio_final/edgeDetector.vhd Line: 10
    Info (12022): Found design unit 2: edgeDetector-bordaDescida File: C:/intelFPGA_lite/17.0/Projects/relogio_final/edgeDetector.vhd Line: 23
    Info (12023): Found entity 1: edgeDetector File: C:/intelFPGA_lite/17.0/Projects/relogio_final/edgeDetector.vhd Line: 4
Info (12127): Elaborating entity "Relogio" for the top level hierarchy
Warning (10036): Verilog HDL or VHDL warning at Relogio.vhd(64): object "auxSaida" assigned a value but never read File: C:/intelFPGA_lite/17.0/Projects/relogio_final/Relogio.vhd Line: 64
Warning (10036): Verilog HDL or VHDL warning at Relogio.vhd(69): object "auxsaidaMUX" assigned a value but never read File: C:/intelFPGA_lite/17.0/Projects/relogio_final/Relogio.vhd Line: 69
Info (12128): Elaborating entity "SM" for hierarchy "SM:maqEstados" File: C:/intelFPGA_lite/17.0/Projects/relogio_final/Relogio.vhd Line: 90
Info (12128): Elaborating entity "fluxoDados" for hierarchy "fluxoDados:FD" File: C:/intelFPGA_lite/17.0/Projects/relogio_final/Relogio.vhd Line: 97
Info (12128): Elaborating entity "mux_relogio" for hierarchy "fluxoDados:FD|mux_relogio:MuxRelogio" File: C:/intelFPGA_lite/17.0/Projects/relogio_final/fluxoDados.vhd Line: 39
Info (12128): Elaborating entity "ULA" for hierarchy "fluxoDados:FD|ULA:ULA" File: C:/intelFPGA_lite/17.0/Projects/relogio_final/fluxoDados.vhd Line: 41
Info (12128): Elaborating entity "registradorGenerico" for hierarchy "fluxoDados:FD|registradorGenerico:registradorA" File: C:/intelFPGA_lite/17.0/Projects/relogio_final/fluxoDados.vhd Line: 43
Info (12128): Elaborating entity "conversorHex7Seg" for hierarchy "fluxoDados:FD|conversorHex7Seg:display0" File: C:/intelFPGA_lite/17.0/Projects/relogio_final/fluxoDados.vhd Line: 62
Info (12129): Elaborating entity "edgeDetector" using architecture "A:bordasubida" for hierarchy "edgeDetector:detectorSub0" File: C:/intelFPGA_lite/17.0/Projects/relogio_final/Relogio.vhd Line: 131
Warning (13024): Output pins are stuck at VCC or GND
    Warning (13410): Pin "LEDR[0]" is stuck at GND File: C:/intelFPGA_lite/17.0/Projects/relogio_final/Relogio.vhd Line: 15
    Warning (13410): Pin "LEDR[1]" is stuck at GND File: C:/intelFPGA_lite/17.0/Projects/relogio_final/Relogio.vhd Line: 15
    Warning (13410): Pin "LEDR[2]" is stuck at GND File: C:/intelFPGA_lite/17.0/Projects/relogio_final/Relogio.vhd Line: 15
    Warning (13410): Pin "LEDR[3]" is stuck at GND File: C:/intelFPGA_lite/17.0/Projects/relogio_final/Relogio.vhd Line: 15
    Warning (13410): Pin "LEDR[4]" is stuck at GND File: C:/intelFPGA_lite/17.0/Projects/relogio_final/Relogio.vhd Line: 15
    Warning (13410): Pin "LEDR[5]" is stuck at GND File: C:/intelFPGA_lite/17.0/Projects/relogio_final/Relogio.vhd Line: 15
    Warning (13410): Pin "LEDR[6]" is stuck at GND File: C:/intelFPGA_lite/17.0/Projects/relogio_final/Relogio.vhd Line: 15
    Warning (13410): Pin "LEDR[7]" is stuck at GND File: C:/intelFPGA_lite/17.0/Projects/relogio_final/Relogio.vhd Line: 15
    Warning (13410): Pin "LEDR[8]" is stuck at GND File: C:/intelFPGA_lite/17.0/Projects/relogio_final/Relogio.vhd Line: 15
    Warning (13410): Pin "LEDR[9]" is stuck at GND File: C:/intelFPGA_lite/17.0/Projects/relogio_final/Relogio.vhd Line: 15
    Warning (13410): Pin "LEDR[10]" is stuck at GND File: C:/intelFPGA_lite/17.0/Projects/relogio_final/Relogio.vhd Line: 15
    Warning (13410): Pin "LEDR[11]" is stuck at GND File: C:/intelFPGA_lite/17.0/Projects/relogio_final/Relogio.vhd Line: 15
    Warning (13410): Pin "LEDR[12]" is stuck at GND File: C:/intelFPGA_lite/17.0/Projects/relogio_final/Relogio.vhd Line: 15
    Warning (13410): Pin "LEDR[15]" is stuck at GND File: C:/intelFPGA_lite/17.0/Projects/relogio_final/Relogio.vhd Line: 15
    Warning (13410): Pin "LEDG[4]" is stuck at GND File: C:/intelFPGA_lite/17.0/Projects/relogio_final/Relogio.vhd Line: 16
    Warning (13410): Pin "LEDG[5]" is stuck at GND File: C:/intelFPGA_lite/17.0/Projects/relogio_final/Relogio.vhd Line: 16
    Warning (13410): Pin "LEDG[6]" is stuck at GND File: C:/intelFPGA_lite/17.0/Projects/relogio_final/Relogio.vhd Line: 16
    Warning (13410): Pin "LEDG[7]" is stuck at GND File: C:/intelFPGA_lite/17.0/Projects/relogio_final/Relogio.vhd Line: 16
    Warning (13410): Pin "LEDG[8]" is stuck at GND File: C:/intelFPGA_lite/17.0/Projects/relogio_final/Relogio.vhd Line: 16
    Warning (13410): Pin "HEX2[0]" is stuck at VCC File: C:/intelFPGA_lite/17.0/Projects/relogio_final/Relogio.vhd Line: 17
    Warning (13410): Pin "HEX2[1]" is stuck at VCC File: C:/intelFPGA_lite/17.0/Projects/relogio_final/Relogio.vhd Line: 17
    Warning (13410): Pin "HEX2[2]" is stuck at VCC File: C:/intelFPGA_lite/17.0/Projects/relogio_final/Relogio.vhd Line: 17
    Warning (13410): Pin "HEX2[3]" is stuck at VCC File: C:/intelFPGA_lite/17.0/Projects/relogio_final/Relogio.vhd Line: 17
    Warning (13410): Pin "HEX2[4]" is stuck at VCC File: C:/intelFPGA_lite/17.0/Projects/relogio_final/Relogio.vhd Line: 17
    Warning (13410): Pin "HEX2[5]" is stuck at VCC File: C:/intelFPGA_lite/17.0/Projects/relogio_final/Relogio.vhd Line: 17
    Warning (13410): Pin "HEX2[6]" is stuck at VCC File: C:/intelFPGA_lite/17.0/Projects/relogio_final/Relogio.vhd Line: 17
    Warning (13410): Pin "HEX3[0]" is stuck at VCC File: C:/intelFPGA_lite/17.0/Projects/relogio_final/Relogio.vhd Line: 17
    Warning (13410): Pin "HEX3[1]" is stuck at VCC File: C:/intelFPGA_lite/17.0/Projects/relogio_final/Relogio.vhd Line: 17
    Warning (13410): Pin "HEX3[2]" is stuck at VCC File: C:/intelFPGA_lite/17.0/Projects/relogio_final/Relogio.vhd Line: 17
    Warning (13410): Pin "HEX3[3]" is stuck at VCC File: C:/intelFPGA_lite/17.0/Projects/relogio_final/Relogio.vhd Line: 17
    Warning (13410): Pin "HEX3[4]" is stuck at VCC File: C:/intelFPGA_lite/17.0/Projects/relogio_final/Relogio.vhd Line: 17
    Warning (13410): Pin "HEX3[5]" is stuck at VCC File: C:/intelFPGA_lite/17.0/Projects/relogio_final/Relogio.vhd Line: 17
    Warning (13410): Pin "HEX3[6]" is stuck at VCC File: C:/intelFPGA_lite/17.0/Projects/relogio_final/Relogio.vhd Line: 17
Info (286030): Timing-Driven Synthesis is running
Info (17049): 1 registers lost all their fanouts during netlist optimizations.
Info (16010): Generating hard_block partition "hard_block:auto_generated_inst"
    Info (16011): Adding 0 node(s), including 0 DDIO, 0 PLL, 0 transceiver and 0 LCELL
Warning (21074): Design contains 14 input pin(s) that do not drive logic
    Warning (15610): No output dependent on input pin "SW[0]" File: C:/intelFPGA_lite/17.0/Projects/relogio_final/Relogio.vhd Line: 19
    Warning (15610): No output dependent on input pin "SW[1]" File: C:/intelFPGA_lite/17.0/Projects/relogio_final/Relogio.vhd Line: 19
    Warning (15610): No output dependent on input pin "SW[2]" File: C:/intelFPGA_lite/17.0/Projects/relogio_final/Relogio.vhd Line: 19
    Warning (15610): No output dependent on input pin "SW[3]" File: C:/intelFPGA_lite/17.0/Projects/relogio_final/Relogio.vhd Line: 19
    Warning (15610): No output dependent on input pin "SW[4]" File: C:/intelFPGA_lite/17.0/Projects/relogio_final/Relogio.vhd Line: 19
    Warning (15610): No output dependent on input pin "SW[5]" File: C:/intelFPGA_lite/17.0/Projects/relogio_final/Relogio.vhd Line: 19
    Warning (15610): No output dependent on input pin "SW[6]" File: C:/intelFPGA_lite/17.0/Projects/relogio_final/Relogio.vhd Line: 19
    Warning (15610): No output dependent on input pin "SW[7]" File: C:/intelFPGA_lite/17.0/Projects/relogio_final/Relogio.vhd Line: 19
    Warning (15610): No output dependent on input pin "SW[8]" File: C:/intelFPGA_lite/17.0/Projects/relogio_final/Relogio.vhd Line: 19
    Warning (15610): No output dependent on input pin "SW[9]" File: C:/intelFPGA_lite/17.0/Projects/relogio_final/Relogio.vhd Line: 19
    Warning (15610): No output dependent on input pin "SW[10]" File: C:/intelFPGA_lite/17.0/Projects/relogio_final/Relogio.vhd Line: 19
    Warning (15610): No output dependent on input pin "SW[11]" File: C:/intelFPGA_lite/17.0/Projects/relogio_final/Relogio.vhd Line: 19
    Warning (15610): No output dependent on input pin "SW[12]" File: C:/intelFPGA_lite/17.0/Projects/relogio_final/Relogio.vhd Line: 19
    Warning (15610): No output dependent on input pin "SW[15]" File: C:/intelFPGA_lite/17.0/Projects/relogio_final/Relogio.vhd Line: 19
Info (21057): Implemented 331 device resources after synthesis - the final resource count might be different
    Info (21058): Implemented 23 input pins
    Info (21059): Implemented 83 output pins
    Info (21061): Implemented 225 logic cells
Info: Quartus Prime Analysis & Synthesis was successful. 0 errors, 52 warnings
    Info: Peak virtual memory: 4813 megabytes
    Info: Processing ended: Fri Sep 21 17:33:02 2018
    Info: Elapsed time: 00:00:21
    Info: Total CPU time (on all processors): 00:00:47


