Analysis & Synthesis report for Mips
Tue Oct 23 09:03:43 2018
Quartus Prime Version 17.1.0 Build 590 10/25/2017 SJ Lite Edition


---------------------
; Table of Contents ;
---------------------
  1. Legal Notice
  2. Analysis & Synthesis Summary
  3. Analysis & Synthesis Settings
  4. Parallel Compilation
  5. Analysis & Synthesis Source Files Read
  6. Analysis & Synthesis Resource Usage Summary
  7. Analysis & Synthesis Resource Utilization by Entity
  8. General Register Statistics
  9. Multiplexer Restructuring Statistics (Restructuring Performed)
 10. Port Connectivity Checks: "muxALU:MuxAlu"
 11. Post-Synthesis Netlist Statistics for Top Partition
 12. Elapsed Time Per Partition
 13. Analysis & Synthesis Messages



----------------
; Legal Notice ;
----------------
Copyright (C) 2017  Intel Corporation. All rights reserved.
Your use of Intel Corporation's design tools, logic functions 
and other software and tools, and its AMPP partner logic 
functions, and any output files from any of the foregoing 
(including device programming or simulation files), and any 
associated documentation or information are expressly subject 
to the terms and conditions of the Intel Program License 
Subscription Agreement, the Intel Quartus Prime License Agreement,
the Intel FPGA IP License Agreement, or other applicable license
agreement, including, without limitation, that your use is for
the sole purpose of programming logic devices manufactured by
Intel and sold by Intel or its authorized distributors.  Please
refer to the applicable agreement for further details.



+----------------------------------------------------------------------------------+
; Analysis & Synthesis Summary                                                     ;
+------------------------------------+---------------------------------------------+
; Analysis & Synthesis Status        ; Successful - Tue Oct 23 09:03:43 2018       ;
; Quartus Prime Version              ; 17.1.0 Build 590 10/25/2017 SJ Lite Edition ;
; Revision Name                      ; Mips                                        ;
; Top-level Entity Name              ; fluxoDadosALU                               ;
; Family                             ; Cyclone IV E                                ;
; Total logic elements               ; 132                                         ;
;     Total combinational functions  ; 132                                         ;
;     Dedicated logic registers      ; 0                                           ;
; Total registers                    ; 0                                           ;
; Total pins                         ; 102                                         ;
; Total virtual pins                 ; 0                                           ;
; Total memory bits                  ; 0                                           ;
; Embedded Multiplier 9-bit elements ; 0                                           ;
; Total PLLs                         ; 0                                           ;
+------------------------------------+---------------------------------------------+


+----------------------------------------------------------------------------------------------------------------------+
; Analysis & Synthesis Settings                                                                                        ;
+----------------------------------------------------------------------------+--------------------+--------------------+
; Option                                                                     ; Setting            ; Default Value      ;
+----------------------------------------------------------------------------+--------------------+--------------------+
; Device                                                                     ; EP4CE115F29C7      ;                    ;
; Top-level entity name                                                      ; fluxoDadosALU      ; Mips               ;
; Family name                                                                ; Cyclone IV E       ; Cyclone V          ;
; VHDL Show LMF Mapping Messages                                             ; Off                ;                    ;
; VHDL Version                                                               ; VHDL_2008          ; VHDL_1993          ;
; Use smart compilation                                                      ; Off                ; Off                ;
; Enable parallel Assembler and TimeQuest Timing Analyzer during compilation ; On                 ; On                 ;
; Enable compact report table                                                ; Off                ; Off                ;
; Restructure Multiplexers                                                   ; Auto               ; Auto               ;
; Create Debugging Nodes for IP Cores                                        ; Off                ; Off                ;
; Preserve fewer node names                                                  ; On                 ; On                 ;
; Intel FPGA IP Evaluation Mode                                              ; Enable             ; Enable             ;
; Verilog Version                                                            ; Verilog_2001       ; Verilog_2001       ;
; State Machine Processing                                                   ; Auto               ; Auto               ;
; Safe State Machine                                                         ; Off                ; Off                ;
; Extract Verilog State Machines                                             ; On                 ; On                 ;
; Extract VHDL State Machines                                                ; On                 ; On                 ;
; Ignore Verilog initial constructs                                          ; Off                ; Off                ;
; Iteration limit for constant Verilog loops                                 ; 5000               ; 5000               ;
; Iteration limit for non-constant Verilog loops                             ; 250                ; 250                ;
; Add Pass-Through Logic to Inferred RAMs                                    ; On                 ; On                 ;
; Infer RAMs from Raw Logic                                                  ; On                 ; On                 ;
; Parallel Synthesis                                                         ; On                 ; On                 ;
; DSP Block Balancing                                                        ; Auto               ; Auto               ;
; NOT Gate Push-Back                                                         ; On                 ; On                 ;
; Power-Up Don't Care                                                        ; On                 ; On                 ;
; Remove Redundant Logic Cells                                               ; Off                ; Off                ;
; Remove Duplicate Registers                                                 ; On                 ; On                 ;
; Ignore CARRY Buffers                                                       ; Off                ; Off                ;
; Ignore CASCADE Buffers                                                     ; Off                ; Off                ;
; Ignore GLOBAL Buffers                                                      ; Off                ; Off                ;
; Ignore ROW GLOBAL Buffers                                                  ; Off                ; Off                ;
; Ignore LCELL Buffers                                                       ; Off                ; Off                ;
; Ignore SOFT Buffers                                                        ; On                 ; On                 ;
; Limit AHDL Integers to 32 Bits                                             ; Off                ; Off                ;
; Optimization Technique                                                     ; Balanced           ; Balanced           ;
; Carry Chain Length                                                         ; 70                 ; 70                 ;
; Auto Carry Chains                                                          ; On                 ; On                 ;
; Auto Open-Drain Pins                                                       ; On                 ; On                 ;
; Perform WYSIWYG Primitive Resynthesis                                      ; Off                ; Off                ;
; Auto ROM Replacement                                                       ; On                 ; On                 ;
; Auto RAM Replacement                                                       ; On                 ; On                 ;
; Auto DSP Block Replacement                                                 ; On                 ; On                 ;
; Auto Shift Register Replacement                                            ; Auto               ; Auto               ;
; Allow Shift Register Merging across Hierarchies                            ; Auto               ; Auto               ;
; Auto Clock Enable Replacement                                              ; On                 ; On                 ;
; Strict RAM Replacement                                                     ; Off                ; Off                ;
; Allow Synchronous Control Signals                                          ; On                 ; On                 ;
; Force Use of Synchronous Clear Signals                                     ; Off                ; Off                ;
; Auto RAM Block Balancing                                                   ; On                 ; On                 ;
; Auto RAM to Logic Cell Conversion                                          ; Off                ; Off                ;
; Auto Resource Sharing                                                      ; Off                ; Off                ;
; Allow Any RAM Size For Recognition                                         ; Off                ; Off                ;
; Allow Any ROM Size For Recognition                                         ; Off                ; Off                ;
; Allow Any Shift Register Size For Recognition                              ; Off                ; Off                ;
; Use LogicLock Constraints during Resource Balancing                        ; On                 ; On                 ;
; Ignore translate_off and synthesis_off directives                          ; Off                ; Off                ;
; Timing-Driven Synthesis                                                    ; On                 ; On                 ;
; Report Parameter Settings                                                  ; On                 ; On                 ;
; Report Source Assignments                                                  ; On                 ; On                 ;
; Report Connectivity Checks                                                 ; On                 ; On                 ;
; Ignore Maximum Fan-Out Assignments                                         ; Off                ; Off                ;
; Synchronization Register Chain Length                                      ; 2                  ; 2                  ;
; Power Optimization During Synthesis                                        ; Normal compilation ; Normal compilation ;
; HDL message level                                                          ; Level2             ; Level2             ;
; Suppress Register Optimization Related Messages                            ; Off                ; Off                ;
; Number of Removed Registers Reported in Synthesis Report                   ; 5000               ; 5000               ;
; Number of Swept Nodes Reported in Synthesis Report                         ; 5000               ; 5000               ;
; Number of Inverted Registers Reported in Synthesis Report                  ; 100                ; 100                ;
; Clock MUX Protection                                                       ; On                 ; On                 ;
; Auto Gated Clock Conversion                                                ; Off                ; Off                ;
; Block Design Naming                                                        ; Auto               ; Auto               ;
; SDC constraint protection                                                  ; Off                ; Off                ;
; Synthesis Effort                                                           ; Auto               ; Auto               ;
; Shift Register Replacement - Allow Asynchronous Clear Signal               ; On                 ; On                 ;
; Pre-Mapping Resynthesis Optimization                                       ; Off                ; Off                ;
; Analysis & Synthesis Message Level                                         ; Medium             ; Medium             ;
; Disable Register Merging Across Hierarchies                                ; Auto               ; Auto               ;
; Resource Aware Inference For Block RAM                                     ; On                 ; On                 ;
+----------------------------------------------------------------------------+--------------------+--------------------+


+------------------------------------------+
; Parallel Compilation                     ;
+----------------------------+-------------+
; Processors                 ; Number      ;
+----------------------------+-------------+
; Number detected on machine ; 4           ;
; Maximum allowed            ; 2           ;
;                            ;             ;
; Average used               ; 1.00        ;
; Maximum used               ; 1           ;
;                            ;             ;
; Usage by Processor         ; % Time Used ;
;     Processor 1            ; 100.0%      ;
+----------------------------+-------------+


+-----------------------------------------------------------------------------------------------------------------------------------------------------------------------------------------+
; Analysis & Synthesis Source Files Read                                                                                                                                                  ;
+----------------------------------+-----------------+-----------------+--------------------------------------------------------------------------------------------------------+---------+
; File Name with User-Entered Path ; Used in Netlist ; File Type       ; File Name with Absolute Path                                                                           ; Library ;
+----------------------------------+-----------------+-----------------+--------------------------------------------------------------------------------------------------------+---------+
; fullAdder.vhd                    ; yes             ; User VHDL File  ; C:/Users/conta/Documents/Insper/7semestre/designComp/entregas/designComp2018/mips/fullAdder.vhd        ;         ;
; fullAdder32.vhd                  ; yes             ; User VHDL File  ; C:/Users/conta/Documents/Insper/7semestre/designComp/entregas/designComp2018/mips/fullAdder32.vhd      ;         ;
; muxIverteEntrada.vhd             ; yes             ; User VHDL File  ; C:/Users/conta/Documents/Insper/7semestre/designComp/entregas/designComp2018/mips/muxIverteEntrada.vhd ;         ;
; muxALU.vhd                       ; yes             ; User VHDL File  ; C:/Users/conta/Documents/Insper/7semestre/designComp/entregas/designComp2018/mips/muxALU.vhd           ;         ;
; fluxoDadosALU.vhd                ; yes             ; User VHDL File  ; C:/Users/conta/Documents/Insper/7semestre/designComp/entregas/designComp2018/mips/fluxoDadosALU.vhd    ;         ;
+----------------------------------+-----------------+-----------------+--------------------------------------------------------------------------------------------------------+---------+


+----------------------------------------------------------------+
; Analysis & Synthesis Resource Usage Summary                    ;
+---------------------------------------------+------------------+
; Resource                                    ; Usage            ;
+---------------------------------------------+------------------+
; Estimated Total logic elements              ; 132              ;
;                                             ;                  ;
; Total combinational functions               ; 132              ;
; Logic element usage by number of LUT inputs ;                  ;
;     -- 4 input functions                    ; 69               ;
;     -- 3 input functions                    ; 31               ;
;     -- <=2 input functions                  ; 32               ;
;                                             ;                  ;
; Logic elements by mode                      ;                  ;
;     -- normal mode                          ; 132              ;
;     -- arithmetic mode                      ; 0                ;
;                                             ;                  ;
; Total registers                             ; 0                ;
;     -- Dedicated logic registers            ; 0                ;
;     -- I/O registers                        ; 0                ;
;                                             ;                  ;
; I/O pins                                    ; 102              ;
;                                             ;                  ;
; Embedded Multiplier 9-bit elements          ; 0                ;
;                                             ;                  ;
; Maximum fan-out node                        ; SEL_ULA[1]~input ;
; Maximum fan-out                             ; 98               ;
; Total fan-out                               ; 569              ;
; Average fan-out                             ; 1.69             ;
+---------------------------------------------+------------------+


+-----------------------------------------------------------------------------------------------------------------------------------------------------------------------------------------------------------------------------------------------------------+
; Analysis & Synthesis Resource Utilization by Entity                                                                                                                                                                                                       ;
+-------------------------------+---------------------+---------------------------+-------------+--------------+---------+-----------+------+--------------+--------------------------------------------------------------+------------------+--------------+
; Compilation Hierarchy Node    ; Combinational ALUTs ; Dedicated Logic Registers ; Memory Bits ; DSP Elements ; DSP 9x9 ; DSP 18x18 ; Pins ; Virtual Pins ; Full Hierarchy Name                                          ; Entity Name      ; Library Name ;
+-------------------------------+---------------------+---------------------------+-------------+--------------+---------+-----------+------+--------------+--------------------------------------------------------------+------------------+--------------+
; |fluxoDadosALU                ; 132 (1)             ; 0 (0)                     ; 0           ; 0            ; 0       ; 0         ; 102  ; 0            ; |fluxoDadosALU                                               ; fluxoDadosALU    ; work         ;
;    |fullAdder32:Fulladder32|  ; 34 (0)              ; 0 (0)                     ; 0           ; 0            ; 0       ; 0         ; 0    ; 0            ; |fluxoDadosALU|fullAdder32:Fulladder32                       ; fullAdder32      ; work         ;
;       |fullAdder:fulladder0|  ; 1 (1)               ; 0 (0)                     ; 0           ; 0            ; 0       ; 0         ; 0    ; 0            ; |fluxoDadosALU|fullAdder32:Fulladder32|fullAdder:fulladder0  ; fullAdder        ; work         ;
;       |fullAdder:fulladder10| ; 1 (1)               ; 0 (0)                     ; 0           ; 0            ; 0       ; 0         ; 0    ; 0            ; |fluxoDadosALU|fullAdder32:Fulladder32|fullAdder:fulladder10 ; fullAdder        ; work         ;
;       |fullAdder:fulladder11| ; 1 (1)               ; 0 (0)                     ; 0           ; 0            ; 0       ; 0         ; 0    ; 0            ; |fluxoDadosALU|fullAdder32:Fulladder32|fullAdder:fulladder11 ; fullAdder        ; work         ;
;       |fullAdder:fulladder12| ; 1 (1)               ; 0 (0)                     ; 0           ; 0            ; 0       ; 0         ; 0    ; 0            ; |fluxoDadosALU|fullAdder32:Fulladder32|fullAdder:fulladder12 ; fullAdder        ; work         ;
;       |fullAdder:fulladder13| ; 1 (1)               ; 0 (0)                     ; 0           ; 0            ; 0       ; 0         ; 0    ; 0            ; |fluxoDadosALU|fullAdder32:Fulladder32|fullAdder:fulladder13 ; fullAdder        ; work         ;
;       |fullAdder:fulladder14| ; 1 (1)               ; 0 (0)                     ; 0           ; 0            ; 0       ; 0         ; 0    ; 0            ; |fluxoDadosALU|fullAdder32:Fulladder32|fullAdder:fulladder14 ; fullAdder        ; work         ;
;       |fullAdder:fulladder15| ; 1 (1)               ; 0 (0)                     ; 0           ; 0            ; 0       ; 0         ; 0    ; 0            ; |fluxoDadosALU|fullAdder32:Fulladder32|fullAdder:fulladder15 ; fullAdder        ; work         ;
;       |fullAdder:fulladder16| ; 1 (1)               ; 0 (0)                     ; 0           ; 0            ; 0       ; 0         ; 0    ; 0            ; |fluxoDadosALU|fullAdder32:Fulladder32|fullAdder:fulladder16 ; fullAdder        ; work         ;
;       |fullAdder:fulladder17| ; 1 (1)               ; 0 (0)                     ; 0           ; 0            ; 0       ; 0         ; 0    ; 0            ; |fluxoDadosALU|fullAdder32:Fulladder32|fullAdder:fulladder17 ; fullAdder        ; work         ;
;       |fullAdder:fulladder18| ; 1 (1)               ; 0 (0)                     ; 0           ; 0            ; 0       ; 0         ; 0    ; 0            ; |fluxoDadosALU|fullAdder32:Fulladder32|fullAdder:fulladder18 ; fullAdder        ; work         ;
;       |fullAdder:fulladder19| ; 1 (1)               ; 0 (0)                     ; 0           ; 0            ; 0       ; 0         ; 0    ; 0            ; |fluxoDadosALU|fullAdder32:Fulladder32|fullAdder:fulladder19 ; fullAdder        ; work         ;
;       |fullAdder:fulladder1|  ; 2 (2)               ; 0 (0)                     ; 0           ; 0            ; 0       ; 0         ; 0    ; 0            ; |fluxoDadosALU|fullAdder32:Fulladder32|fullAdder:fulladder1  ; fullAdder        ; work         ;
;       |fullAdder:fulladder20| ; 1 (1)               ; 0 (0)                     ; 0           ; 0            ; 0       ; 0         ; 0    ; 0            ; |fluxoDadosALU|fullAdder32:Fulladder32|fullAdder:fulladder20 ; fullAdder        ; work         ;
;       |fullAdder:fulladder21| ; 1 (1)               ; 0 (0)                     ; 0           ; 0            ; 0       ; 0         ; 0    ; 0            ; |fluxoDadosALU|fullAdder32:Fulladder32|fullAdder:fulladder21 ; fullAdder        ; work         ;
;       |fullAdder:fulladder22| ; 1 (1)               ; 0 (0)                     ; 0           ; 0            ; 0       ; 0         ; 0    ; 0            ; |fluxoDadosALU|fullAdder32:Fulladder32|fullAdder:fulladder22 ; fullAdder        ; work         ;
;       |fullAdder:fulladder23| ; 1 (1)               ; 0 (0)                     ; 0           ; 0            ; 0       ; 0         ; 0    ; 0            ; |fluxoDadosALU|fullAdder32:Fulladder32|fullAdder:fulladder23 ; fullAdder        ; work         ;
;       |fullAdder:fulladder24| ; 1 (1)               ; 0 (0)                     ; 0           ; 0            ; 0       ; 0         ; 0    ; 0            ; |fluxoDadosALU|fullAdder32:Fulladder32|fullAdder:fulladder24 ; fullAdder        ; work         ;
;       |fullAdder:fulladder25| ; 1 (1)               ; 0 (0)                     ; 0           ; 0            ; 0       ; 0         ; 0    ; 0            ; |fluxoDadosALU|fullAdder32:Fulladder32|fullAdder:fulladder25 ; fullAdder        ; work         ;
;       |fullAdder:fulladder26| ; 1 (1)               ; 0 (0)                     ; 0           ; 0            ; 0       ; 0         ; 0    ; 0            ; |fluxoDadosALU|fullAdder32:Fulladder32|fullAdder:fulladder26 ; fullAdder        ; work         ;
;       |fullAdder:fulladder27| ; 1 (1)               ; 0 (0)                     ; 0           ; 0            ; 0       ; 0         ; 0    ; 0            ; |fluxoDadosALU|fullAdder32:Fulladder32|fullAdder:fulladder27 ; fullAdder        ; work         ;
;       |fullAdder:fulladder28| ; 1 (1)               ; 0 (0)                     ; 0           ; 0            ; 0       ; 0         ; 0    ; 0            ; |fluxoDadosALU|fullAdder32:Fulladder32|fullAdder:fulladder28 ; fullAdder        ; work         ;
;       |fullAdder:fulladder29| ; 1 (1)               ; 0 (0)                     ; 0           ; 0            ; 0       ; 0         ; 0    ; 0            ; |fluxoDadosALU|fullAdder32:Fulladder32|fullAdder:fulladder29 ; fullAdder        ; work         ;
;       |fullAdder:fulladder2|  ; 1 (1)               ; 0 (0)                     ; 0           ; 0            ; 0       ; 0         ; 0    ; 0            ; |fluxoDadosALU|fullAdder32:Fulladder32|fullAdder:fulladder2  ; fullAdder        ; work         ;
;       |fullAdder:fulladder30| ; 1 (1)               ; 0 (0)                     ; 0           ; 0            ; 0       ; 0         ; 0    ; 0            ; |fluxoDadosALU|fullAdder32:Fulladder32|fullAdder:fulladder30 ; fullAdder        ; work         ;
;       |fullAdder:fulladder31| ; 2 (2)               ; 0 (0)                     ; 0           ; 0            ; 0       ; 0         ; 0    ; 0            ; |fluxoDadosALU|fullAdder32:Fulladder32|fullAdder:fulladder31 ; fullAdder        ; work         ;
;       |fullAdder:fulladder3|  ; 1 (1)               ; 0 (0)                     ; 0           ; 0            ; 0       ; 0         ; 0    ; 0            ; |fluxoDadosALU|fullAdder32:Fulladder32|fullAdder:fulladder3  ; fullAdder        ; work         ;
;       |fullAdder:fulladder4|  ; 1 (1)               ; 0 (0)                     ; 0           ; 0            ; 0       ; 0         ; 0    ; 0            ; |fluxoDadosALU|fullAdder32:Fulladder32|fullAdder:fulladder4  ; fullAdder        ; work         ;
;       |fullAdder:fulladder5|  ; 1 (1)               ; 0 (0)                     ; 0           ; 0            ; 0       ; 0         ; 0    ; 0            ; |fluxoDadosALU|fullAdder32:Fulladder32|fullAdder:fulladder5  ; fullAdder        ; work         ;
;       |fullAdder:fulladder6|  ; 1 (1)               ; 0 (0)                     ; 0           ; 0            ; 0       ; 0         ; 0    ; 0            ; |fluxoDadosALU|fullAdder32:Fulladder32|fullAdder:fulladder6  ; fullAdder        ; work         ;
;       |fullAdder:fulladder7|  ; 1 (1)               ; 0 (0)                     ; 0           ; 0            ; 0       ; 0         ; 0    ; 0            ; |fluxoDadosALU|fullAdder32:Fulladder32|fullAdder:fulladder7  ; fullAdder        ; work         ;
;       |fullAdder:fulladder8|  ; 1 (1)               ; 0 (0)                     ; 0           ; 0            ; 0       ; 0         ; 0    ; 0            ; |fluxoDadosALU|fullAdder32:Fulladder32|fullAdder:fulladder8  ; fullAdder        ; work         ;
;       |fullAdder:fulladder9|  ; 1 (1)               ; 0 (0)                     ; 0           ; 0            ; 0       ; 0         ; 0    ; 0            ; |fluxoDadosALU|fullAdder32:Fulladder32|fullAdder:fulladder9  ; fullAdder        ; work         ;
;    |muxALU:MuxAlu|            ; 66 (66)             ; 0 (0)                     ; 0           ; 0            ; 0       ; 0         ; 0    ; 0            ; |fluxoDadosALU|muxALU:MuxAlu                                 ; muxALU           ; work         ;
;    |muxIverteEntrada:MuxGenB| ; 31 (31)             ; 0 (0)                     ; 0           ; 0            ; 0       ; 0         ; 0    ; 0            ; |fluxoDadosALU|muxIverteEntrada:MuxGenB                      ; muxIverteEntrada ; work         ;
+-------------------------------+---------------------+---------------------------+-------------+--------------+---------+-----------+------+--------------+--------------------------------------------------------------+------------------+--------------+
Note: For table entries with two numbers listed, the numbers in parentheses indicate the number of resources of the given type used by the specific entity alone. The numbers listed outside of parentheses indicate the total resources of the given type used by the specific entity and all of its sub-entities in the hierarchy.


+------------------------------------------------------+
; General Register Statistics                          ;
+----------------------------------------------+-------+
; Statistic                                    ; Value ;
+----------------------------------------------+-------+
; Total registers                              ; 0     ;
; Number of registers using Synchronous Clear  ; 0     ;
; Number of registers using Synchronous Load   ; 0     ;
; Number of registers using Asynchronous Clear ; 0     ;
; Number of registers using Asynchronous Load  ; 0     ;
; Number of registers using Clock Enable       ; 0     ;
; Number of registers using Preset             ; 0     ;
+----------------------------------------------+-------+


+--------------------------------------------------------------------------------------------------------------------------------------------------+
; Multiplexer Restructuring Statistics (Restructuring Performed)                                                                                   ;
+--------------------+-----------+---------------+----------------------+------------------------+------------+------------------------------------+
; Multiplexer Inputs ; Bus Width ; Baseline Area ; Area if Restructured ; Saving if Restructured ; Registered ; Example Multiplexer Output         ;
+--------------------+-----------+---------------+----------------------+------------------------+------------+------------------------------------+
; 4:1                ; 31 bits   ; 62 LEs        ; 62 LEs               ; 0 LEs                  ; No         ; |fluxoDadosALU|muxALU:MuxAlu|Mux16 ;
+--------------------+-----------+---------------+----------------------+------------------------+------------+------------------------------------+


+------------------------------------------------+
; Port Connectivity Checks: "muxALU:MuxAlu"      ;
+--------------+-------+----------+--------------+
; Port         ; Type  ; Severity ; Details      ;
+--------------+-------+----------+--------------+
; sltin[31..1] ; Input ; Info     ; Stuck at GND ;
+--------------+-------+----------+--------------+


+-----------------------------------------------------+
; Post-Synthesis Netlist Statistics for Top Partition ;
+-----------------------+-----------------------------+
; Type                  ; Count                       ;
+-----------------------+-----------------------------+
; boundary_port         ; 102                         ;
; cycloneiii_lcell_comb ; 133                         ;
;     normal            ; 133                         ;
;         1 data inputs ; 1                           ;
;         2 data inputs ; 32                          ;
;         3 data inputs ; 31                          ;
;         4 data inputs ; 69                          ;
;                       ;                             ;
; Max LUT depth         ; 35.00                       ;
; Average LUT depth     ; 22.06                       ;
+-----------------------+-----------------------------+


+-------------------------------+
; Elapsed Time Per Partition    ;
+----------------+--------------+
; Partition Name ; Elapsed Time ;
+----------------+--------------+
; Top            ; 00:00:01     ;
+----------------+--------------+


+-------------------------------+
; Analysis & Synthesis Messages ;
+-------------------------------+
Info: *******************************************************************
Info: Running Quartus Prime Analysis & Synthesis
    Info: Version 17.1.0 Build 590 10/25/2017 SJ Lite Edition
    Info: Processing started: Tue Oct 23 09:03:23 2018
Info: Command: quartus_map --read_settings_files=on --write_settings_files=off Mips -c Mips
Warning (18236): Number of processors has not been specified which may cause overloading on shared machines.  Set the global assignment NUM_PARALLEL_PROCESSORS in your QSF to an appropriate value for best performance.
Info (20030): Parallel compilation is enabled and will use 2 of the 2 processors detected
Info (12021): Found 2 design units, including 1 entities, in source file fulladder.vhd
    Info (12022): Found design unit 1: fulladder-behaviour File: C:/Users/conta/Documents/Insper/7semestre/designComp/entregas/designComp2018/mips/fullAdder.vhd Line: 14
    Info (12023): Found entity 1: fullAdder File: C:/Users/conta/Documents/Insper/7semestre/designComp/entregas/designComp2018/mips/fullAdder.vhd Line: 4
Info (12021): Found 2 design units, including 1 entities, in source file fulladder32.vhd
    Info (12022): Found design unit 1: fullAdder32-beh32 File: C:/Users/conta/Documents/Insper/7semestre/designComp/entregas/designComp2018/mips/fullAdder32.vhd Line: 18
    Info (12023): Found entity 1: fullAdder32 File: C:/Users/conta/Documents/Insper/7semestre/designComp/entregas/designComp2018/mips/fullAdder32.vhd Line: 5
Info (12021): Found 2 design units, including 1 entities, in source file muxiverteentrada.vhd
    Info (12022): Found design unit 1: muxIverteEntrada-behavioral File: C:/Users/conta/Documents/Insper/7semestre/designComp/entregas/designComp2018/mips/muxIverteEntrada.vhd Line: 14
    Info (12023): Found entity 1: muxIverteEntrada File: C:/Users/conta/Documents/Insper/7semestre/designComp/entregas/designComp2018/mips/muxIverteEntrada.vhd Line: 4
Info (12021): Found 2 design units, including 1 entities, in source file muxalu.vhd
    Info (12022): Found design unit 1: muxALU-behavioral File: C:/Users/conta/Documents/Insper/7semestre/designComp/entregas/designComp2018/mips/muxALU.vhd Line: 17
    Info (12023): Found entity 1: muxALU File: C:/Users/conta/Documents/Insper/7semestre/designComp/entregas/designComp2018/mips/muxALU.vhd Line: 4
Info (12021): Found 2 design units, including 1 entities, in source file fluxodadosalu.vhd
    Info (12022): Found design unit 1: fluxoDadosALU-behaviour File: C:/Users/conta/Documents/Insper/7semestre/designComp/entregas/designComp2018/mips/fluxoDadosALU.vhd Line: 21
    Info (12023): Found entity 1: fluxoDadosALU File: C:/Users/conta/Documents/Insper/7semestre/designComp/entregas/designComp2018/mips/fluxoDadosALU.vhd Line: 6
Info (12021): Found 2 design units, including 1 entities, in source file unidadecontrolealu.vhd
    Info (12022): Found design unit 1: unidadeControleALU-aluOPBehaviour File: C:/Users/conta/Documents/Insper/7semestre/designComp/entregas/designComp2018/mips/unidadeControleALU.vhd Line: 15
    Info (12023): Found entity 1: unidadeControleALU File: C:/Users/conta/Documents/Insper/7semestre/designComp/entregas/designComp2018/mips/unidadeControleALU.vhd Line: 4
Info (12021): Found 2 design units, including 1 entities, in source file instr_memory.vhd
    Info (12022): Found design unit 1: instruction_memory-bhv File: C:/Users/conta/Documents/Insper/7semestre/designComp/entregas/designComp2018/mips/instr_memory.vhd Line: 22
    Info (12023): Found entity 1: instruction_memory File: C:/Users/conta/Documents/Insper/7semestre/designComp/entregas/designComp2018/mips/instr_memory.vhd Line: 6
Info (12021): Found 2 design units, including 1 entities, in source file data_memory.vhd
    Info (12022): Found design unit 1: data_memory-rtl File: C:/Users/conta/Documents/Insper/7semestre/designComp/entregas/designComp2018/mips/data_memory.vhd Line: 27
    Info (12023): Found entity 1: data_memory File: C:/Users/conta/Documents/Insper/7semestre/designComp/entregas/designComp2018/mips/data_memory.vhd Line: 7
Info (12021): Found 2 design units, including 1 entities, in source file bankregisterunity.vhd
    Info (12022): Found design unit 1: bankRegisterUnity-arch File: C:/Users/conta/Documents/Insper/7semestre/designComp/entregas/designComp2018/mips/bankRegisterUnity.vhd Line: 24
    Info (12023): Found entity 1: bankRegisterUnity File: C:/Users/conta/Documents/Insper/7semestre/designComp/entregas/designComp2018/mips/bankRegisterUnity.vhd Line: 5
Info (12021): Found 2 design units, including 1 entities, in source file bankregister.vhd
    Info (12022): Found design unit 1: bankregister-arch File: C:/Users/conta/Documents/Insper/7semestre/designComp/entregas/designComp2018/mips/bankregister.vhd Line: 21
    Info (12023): Found entity 1: bankregister File: C:/Users/conta/Documents/Insper/7semestre/designComp/entregas/designComp2018/mips/bankregister.vhd Line: 5
Info (12021): Found 2 design units, including 1 entities, in source file mux2way.vhd
    Info (12022): Found design unit 1: mux2way-behavioral File: C:/Users/conta/Documents/Insper/7semestre/designComp/entregas/designComp2018/mips/mux2way.vhd Line: 20
    Info (12023): Found entity 1: mux2way File: C:/Users/conta/Documents/Insper/7semestre/designComp/entregas/designComp2018/mips/mux2way.vhd Line: 4
Info (12127): Elaborating entity "fluxoDadosALU" for the top level hierarchy
Info (12128): Elaborating entity "muxIverteEntrada" for hierarchy "muxIverteEntrada:MuxGenA" File: C:/Users/conta/Documents/Insper/7semestre/designComp/entregas/designComp2018/mips/fluxoDadosALU.vhd Line: 41
Info (12128): Elaborating entity "fullAdder32" for hierarchy "fullAdder32:Fulladder32" File: C:/Users/conta/Documents/Insper/7semestre/designComp/entregas/designComp2018/mips/fluxoDadosALU.vhd Line: 43
Info (12128): Elaborating entity "fullAdder" for hierarchy "fullAdder32:Fulladder32|fullAdder:fulladder0" File: C:/Users/conta/Documents/Insper/7semestre/designComp/entregas/designComp2018/mips/fullAdder32.vhd Line: 25
Info (12128): Elaborating entity "muxALU" for hierarchy "muxALU:MuxAlu" File: C:/Users/conta/Documents/Insper/7semestre/designComp/entregas/designComp2018/mips/fluxoDadosALU.vhd Line: 47
Info (286030): Timing-Driven Synthesis is running
Info (16010): Generating hard_block partition "hard_block:auto_generated_inst"
    Info (16011): Adding 0 node(s), including 0 DDIO, 0 PLL, 0 transceiver and 0 LCELL
Warning (21074): Design contains 2 input pin(s) that do not drive logic
    Warning (15610): No output dependent on input pin "SEL_ULA[2]" File: C:/Users/conta/Documents/Insper/7semestre/designComp/entregas/designComp2018/mips/fluxoDadosALU.vhd Line: 11
    Warning (15610): No output dependent on input pin "SEL_ULA[3]" File: C:/Users/conta/Documents/Insper/7semestre/designComp/entregas/designComp2018/mips/fluxoDadosALU.vhd Line: 11
Info (21057): Implemented 234 device resources after synthesis - the final resource count might be different
    Info (21058): Implemented 68 input pins
    Info (21059): Implemented 34 output pins
    Info (21061): Implemented 132 logic cells
Info: Quartus Prime Analysis & Synthesis was successful. 0 errors, 4 warnings
    Info: Peak virtual memory: 4814 megabytes
    Info: Processing ended: Tue Oct 23 09:03:43 2018
    Info: Elapsed time: 00:00:20
    Info: Total CPU time (on all processors): 00:00:44


